<?xml version="1.0" encoding="UTF-8"?>
<!-- Generated by org.testng.reporters.JUnitXMLReporter -->
<testsuite ignored="0" hostname="LTB0226036-MAC" failures="1" tests="1" name="Google Search Test" time="7.994" errors="0" timestamp="2025-02-23T18:51:42 IST">
  <testcase classname="webTest.Browserlaunch" name="googleSearchTest" time="6.44">
    <failure type="java.lang.AssertionError" message="expected [true] but found [false]">
      <![CDATA[java.lang.AssertionError: expected [true] but found [false]
at webTest.Browserlaunch.googleSearchTest(Browserlaunch.java:45)
at java.base/java.util.concurrent.ThreadPoolExecutor.runWorker(ThreadPoolExecutor.java:1144)
at java.base/java.util.concurrent.ThreadPoolExecutor$Worker.run(ThreadPoolExecutor.java:642)
at java.base/java.lang.Thread.run(Thread.java:1575)
... Removed 14 stack frames]]>
    </failure>
  </testcase> <!-- googleSearchTest -->
</testsuite> <!-- Google Search Test -->
